                              1 ;--------------------------------------------------------
                              2 ; File Created by SDCC : free open source ANSI-C Compiler
                              3 ; Version 3.6.8 #9946 (Linux)
                              4 ;--------------------------------------------------------
                              5 	.module redball
                              6 	.optsdcc -mz80
                              7 	
                              8 ;--------------------------------------------------------
                              9 ; Public variables in this module
                             10 ;--------------------------------------------------------
                             11 	.globl _sp_redball
                             12 	.globl _main_pal111
                             13 ;--------------------------------------------------------
                             14 ; special function registers
                             15 ;--------------------------------------------------------
                             16 ;--------------------------------------------------------
                             17 ; ram data
                             18 ;--------------------------------------------------------
                             19 	.area _DATA
                             20 ;--------------------------------------------------------
                             21 ; ram data
                             22 ;--------------------------------------------------------
                             23 	.area _INITIALIZED
                             24 ;--------------------------------------------------------
                             25 ; absolute external ram data
                             26 ;--------------------------------------------------------
                             27 	.area _DABS (ABS)
                             28 ;--------------------------------------------------------
                             29 ; global & static initialisations
                             30 ;--------------------------------------------------------
                             31 	.area _HOME
                             32 	.area _GSINIT
                             33 	.area _GSFINAL
                             34 	.area _GSINIT
                             35 ;--------------------------------------------------------
                             36 ; Home
                             37 ;--------------------------------------------------------
                             38 	.area _HOME
                             39 	.area _HOME
                             40 ;--------------------------------------------------------
                             41 ; code
                             42 ;--------------------------------------------------------
                             43 	.area _CODE
                             44 	.area _CODE
   0000                      45 _main_pal111:
   0000 54                   46 	.db #0x54	; 84	'T'
   0001 44                   47 	.db #0x44	; 68	'D'
   0002 5C                   48 	.db #0x5c	; 92
   0003 58                   49 	.db #0x58	; 88	'X'
   0004 45                   50 	.db #0x45	; 69	'E'
   0005 52                   51 	.db #0x52	; 82	'R'
   0006 46                   52 	.db #0x46	; 70	'F'
   0007 5E                   53 	.db #0x5e	; 94
   0008 40                   54 	.db #0x40	; 64
   0009 47                   55 	.db #0x47	; 71	'G'
   000A 42                   56 	.db #0x42	; 66	'B'
   000B 53                   57 	.db #0x53	; 83	'S'
   000C 5A                   58 	.db #0x5a	; 90	'Z'
   000D 4A                   59 	.db #0x4a	; 74	'J'
   000E 43                   60 	.db #0x43	; 67	'C'
   000F 4B                   61 	.db #0x4b	; 75	'K'
   0010                      62 _sp_redball:
   0010 00                   63 	.db #0x00	; 0
   0011 55                   64 	.db #0x55	; 85	'U'
   0012 AA                   65 	.db #0xaa	; 170
   0013 00                   66 	.db #0x00	; 0
   0014 00                   67 	.db #0x00	; 0
   0015 EB                   68 	.db #0xeb	; 235
   0016 D7                   69 	.db #0xd7	; 215
   0017 00                   70 	.db #0x00	; 0
   0018 55                   71 	.db #0x55	; 85	'U'
   0019 C3                   72 	.db #0xc3	; 195
   001A C3                   73 	.db #0xc3	; 195
   001B AA                   74 	.db #0xaa	; 170
   001C EB                   75 	.db #0xeb	; 235
   001D C3                   76 	.db #0xc3	; 195
   001E C3                   77 	.db #0xc3	; 195
   001F D7                   78 	.db #0xd7	; 215
   0020 EB                   79 	.db #0xeb	; 235
   0021 C3                   80 	.db #0xc3	; 195
   0022 C3                   81 	.db #0xc3	; 195
   0023 D7                   82 	.db #0xd7	; 215
   0024 55                   83 	.db #0x55	; 85	'U'
   0025 C3                   84 	.db #0xc3	; 195
   0026 C3                   85 	.db #0xc3	; 195
   0027 AA                   86 	.db #0xaa	; 170
   0028 00                   87 	.db #0x00	; 0
   0029 EB                   88 	.db #0xeb	; 235
   002A D7                   89 	.db #0xd7	; 215
   002B 00                   90 	.db #0x00	; 0
   002C 00                   91 	.db #0x00	; 0
   002D 55                   92 	.db #0x55	; 85	'U'
   002E AA                   93 	.db #0xaa	; 170
   002F 00                   94 	.db #0x00	; 0
                             95 	.area _INITIALIZER
                             96 	.area _CABS (ABS)
