ASxxxx Assembler V02.00 + NoICE + SDCC mods  (Zilog Z80 / Hitachi HD64180), page 1.
Hexadecimal [16-Bits]



                              1 ;;;
                              2 ;;; File generated by cpct_aks2c CPCtelera script
                              3 ;;; Souce file of this conversion: music/musica_principal.aks
                              4 ;;; Generation time: mar nov  3 22:29:53 CET 2020
                              5 ;;;
                              6 
                              7 ;;; Set absolute memory addressing
                              8 .area __song_principal (ABS)
   0040                       9 .org 0x0040
                             10 
                             11 ;;; Music data start (246 bytes)
                             12 ;;;
   0040                      13 _song_principal::
   0040 41 54 31 30 01 40    14 .db 0x41, 0x54, 0x31, 0x30, 0x01, 0x40, 0x42, 0x0f, 0x02, 0x06, 0x89, 0x00, 0x5a, 0x00, 0x63, 0x00
        42 0F 02 06 89 00
        5A 00 63 00
   0050 76 00 89 00 9C 00    15 .db 0x76, 0x00, 0x89, 0x00, 0x9c, 0x00, 0xaf, 0x00, 0xc2, 0x00, 0x00, 0x00, 0x00, 0x00, 0x00, 0x00
        AF 00 C2 00 00 00
        00 00 00 00
   0060 0D 5C 00 01 00 54    16 .db 0x0d, 0x5c, 0x00, 0x01, 0x00, 0x54, 0x03, 0x54, 0x03, 0x54, 0x03, 0x54, 0x03, 0x54, 0x03, 0x54
        03 54 03 54 03 54
        03 54 03 54
   0070 03 54 03 0D 5C 00    17 .db 0x03, 0x54, 0x03, 0x0d, 0x5c, 0x00, 0x01, 0x00, 0x54, 0x01, 0x54, 0x01, 0x54, 0x01, 0x54, 0x01
        01 00 54 01 54 01
        54 01 54 01
   0080 54 01 54 01 54 01    18 .db 0x54, 0x01, 0x54, 0x01, 0x54, 0x01, 0x0d, 0x5c, 0x00, 0x01, 0x00, 0x54, 0x05, 0x54, 0x05, 0x54
        0D 5C 00 01 00 54
        05 54 05 54
   0090 05 54 05 54 05 54    19 .db 0x05, 0x54, 0x05, 0x54, 0x05, 0x54, 0x05, 0x54, 0x05, 0x0d, 0x5c, 0x00, 0x01, 0x00, 0x54, 0x0a
        05 54 05 0D 5C 00
        01 00 54 0A
   00A0 54 0A 54 0A 54 0A    20 .db 0x54, 0x0a, 0x54, 0x0a, 0x54, 0x0a, 0x54, 0x0a, 0x54, 0x0a, 0x54, 0x0a, 0x0d, 0x5c, 0x00, 0x01
        54 0A 54 0A 54 0A
        0D 5C 00 01
   00B0 00 54 0E 54 0E 54    21 .db 0x00, 0x54, 0x0e, 0x54, 0x0e, 0x54, 0x0e, 0x54, 0x0e, 0x54, 0x0e, 0x54, 0x0e, 0x54, 0x0e, 0x0d
        0E 54 0E 54 0E 54
        0E 54 0E 0D
   00C0 5C 00 01 00 54 07    22 .db 0x5c, 0x00, 0x01, 0x00, 0x54, 0x07, 0x54, 0x07, 0x54, 0x07, 0x54, 0x07, 0x54, 0x07, 0x54, 0x07
        54 07 54 07 54 07
        54 07 54 07
   00D0 54 07 0D 5C 00 1C    23 .db 0x54, 0x07, 0x0d, 0x5c, 0x00, 0x1c, 0x00, 0x00, 0x00, 0xe5, 0x00, 0x00, 0xe6, 0x00, 0x1c, 0x01
        00 00 00 E5 00 00
        E6 00 1C 01
   00E0 31 01 01 DB 00 00    24 .db 0x31, 0x01, 0x01, 0xdb, 0x00, 0x00, 0x90, 0xe0, 0x00, 0x00, 0x01, 0x51, 0x90, 0x60, 0x02, 0x51
        90 E0 00 00 01 51
        90 60 02 51
   00F0 90 60 03 51 90 60    25 .db 0x90, 0x60, 0x03, 0x51, 0x90, 0x60, 0x02, 0x51, 0x51, 0x51, 0x90, 0x60, 0x01, 0x51, 0x90, 0x60
        02 51 51 51 90 60
        01 51 90 60
   0100 04 51 51 51 90 60    26 .db 0x04, 0x51, 0x51, 0x51, 0x90, 0x60, 0x02, 0x51, 0x90, 0x60, 0x05, 0x51, 0x90, 0x60, 0x06, 0x51
        02 51 90 60 05 51
        90 60 06 51
   0110 90 60 03 51 90 60    27 .db 0x90, 0x60, 0x03, 0x51, 0x90, 0x60, 0x04, 0x51, 0x90, 0x60, 0x01, 0x51, 0x42, 0x80, 0x00, 0x00
        04 51 90 60 01 51
        42 80 00 00
ASxxxx Assembler V02.00 + NoICE + SDCC mods  (Zilog Z80 / Hitachi HD64180), page 2.
Hexadecimal [16-Bits]



   0120 42 00 42 00 42 00    28 .db 0x42, 0x00, 0x42, 0x00, 0x42, 0x00, 0x42, 0x00, 0x42, 0x00, 0x42, 0x00, 0x42, 0x00, 0x42, 0x00
        42 00 42 00 42 00
        42 00 42 00
   0130 00 42 80 00 00 00    29 .db 0x00, 0x42, 0x80, 0x00, 0x00, 0x00
