ASxxxx Assembler V02.00 + NoICE + SDCC mods  (Zilog Z80 / Hitachi HD64180), page 1.
Hexadecimal [16-Bits]



                              1 .globl cpct_disableFirmware_asm
                              2 .globl cpct_waitVSYNC_asm
                              3 .globl cpct_getScreenPtr_asm
                              4 .globl cpct_drawSolidBox_asm
                              5 .globl cpct_isKeyPressed_asm
                              6 .globl cpct_scanKeyboard_f_asm
                              7 .globl cpct_setVideoMode_asm
                              8 .globl cpct_drawSprite_asm
                              9 .globl cpct_setPalette_asm
                             10 .globl cpct_drawSpriteBlended_asm
                             11 .globl cpct_drawStringM0_asm
                             12 .globl cpct_setDrawCharM0_asm
                             13 
                             14 .globl startCreditos
                             15 .globl start_game
                             16 .globl menu_restart
                             17 .globl _main
                             18 .globl menu_nivel_multi
                             19 .globl set_level
                             20 
                             21 .globl set_individual
                             22 .globl set_multiplayer
                             23 .globl inc_level
                             24 
                             25 .globl _song_principal
                             26 .globl cpct_akp_musicInit_asm
                             27 .globl cpct_akp_musicPlay_asm
                             28 .globl cpct_akp_stop_asm
