ASxxxx Assembler V02.00 + NoICE + SDCC mods  (Zilog Z80 / Hitachi HD64180), page 1.
Hexadecimal [16-Bits]



                              1 .globl man_menu_inicial_init
                              2 .globl man_menu_inicial_update
                              3 .globl man_menu_creditos_update
                              4 .globl man_menu_creditos_init
                              5 .globl man_menu_restart_init
                              6 .globl man_menu_restart_update
                              7 .globl man_menu_restart_init_multi_1
                              8 .globl man_menu_restart_init_multi_2
                              9 .globl man_menu_nivel_update
                             10 .globl man_menu_nivel_init
                             11 
                             12 .globl string_titulo
                             13 .globl string_start
                             14 .globl string_multi
                             15 .globl string_arcade
                             16 .globl string_creditos
                             17 .globl string_cred_linea1
                             18 .globl string_cred_linea2
