                              1 ;--------------------------------------------------------
                              2 ; File Created by SDCC : free open source ANSI-C Compiler
                              3 ; Version 3.6.8 #9946 (Linux)
                              4 ;--------------------------------------------------------
                              5 	.module final
                              6 	.optsdcc -mz80
                              7 	
                              8 ;--------------------------------------------------------
                              9 ; Public variables in this module
                             10 ;--------------------------------------------------------
                             11 	.globl _sp_final
                             12 	.globl _main_pal2
                             13 ;--------------------------------------------------------
                             14 ; special function registers
                             15 ;--------------------------------------------------------
                             16 ;--------------------------------------------------------
                             17 ; ram data
                             18 ;--------------------------------------------------------
                             19 	.area _DATA
                             20 ;--------------------------------------------------------
                             21 ; ram data
                             22 ;--------------------------------------------------------
                             23 	.area _INITIALIZED
                             24 ;--------------------------------------------------------
                             25 ; absolute external ram data
                             26 ;--------------------------------------------------------
                             27 	.area _DABS (ABS)
                             28 ;--------------------------------------------------------
                             29 ; global & static initialisations
                             30 ;--------------------------------------------------------
                             31 	.area _HOME
                             32 	.area _GSINIT
                             33 	.area _GSFINAL
                             34 	.area _GSINIT
                             35 ;--------------------------------------------------------
                             36 ; Home
                             37 ;--------------------------------------------------------
                             38 	.area _HOME
                             39 	.area _HOME
                             40 ;--------------------------------------------------------
                             41 ; code
                             42 ;--------------------------------------------------------
                             43 	.area _CODE
                             44 	.area _CODE
   0000                      45 _main_pal2:
   0000 54                   46 	.db #0x54	; 84	'T'
   0001 44                   47 	.db #0x44	; 68	'D'
   0002 5C                   48 	.db #0x5c	; 92
   0003 58                   49 	.db #0x58	; 88	'X'
   0004 45                   50 	.db #0x45	; 69	'E'
   0005 52                   51 	.db #0x52	; 82	'R'
   0006 46                   52 	.db #0x46	; 70	'F'
   0007 5E                   53 	.db #0x5e	; 94
   0008 40                   54 	.db #0x40	; 64
   0009 47                   55 	.db #0x47	; 71	'G'
   000A 42                   56 	.db #0x42	; 66	'B'
   000B 53                   57 	.db #0x53	; 83	'S'
   000C 5A                   58 	.db #0x5a	; 90	'Z'
   000D 4A                   59 	.db #0x4a	; 74	'J'
   000E 43                   60 	.db #0x43	; 67	'C'
   000F 4B                   61 	.db #0x4b	; 75	'K'
   0010                      62 _sp_final:
   0010 F0                   63 	.db #0xf0	; 240
   0011 F0                   64 	.db #0xf0	; 240
   0012 F0                   65 	.db #0xf0	; 240
   0013 F0                   66 	.db #0xf0	; 240
   0014 F0                   67 	.db #0xf0	; 240
   0015 F0                   68 	.db #0xf0	; 240
   0016 F0                   69 	.db #0xf0	; 240
   0017 F0                   70 	.db #0xf0	; 240
   0018 F0                   71 	.db #0xf0	; 240
   0019 F0                   72 	.db #0xf0	; 240
   001A F0                   73 	.db #0xf0	; 240
   001B F0                   74 	.db #0xf0	; 240
   001C F0                   75 	.db #0xf0	; 240
   001D F0                   76 	.db #0xf0	; 240
   001E F0                   77 	.db #0xf0	; 240
   001F F0                   78 	.db #0xf0	; 240
   0020 F0                   79 	.db #0xf0	; 240
   0021 F0                   80 	.db #0xf0	; 240
   0022 F0                   81 	.db #0xf0	; 240
   0023 F0                   82 	.db #0xf0	; 240
   0024 F0                   83 	.db #0xf0	; 240
   0025 F0                   84 	.db #0xf0	; 240
   0026 F0                   85 	.db #0xf0	; 240
   0027 F0                   86 	.db #0xf0	; 240
   0028 F0                   87 	.db #0xf0	; 240
   0029 F0                   88 	.db #0xf0	; 240
   002A F0                   89 	.db #0xf0	; 240
   002B F0                   90 	.db #0xf0	; 240
   002C F0                   91 	.db #0xf0	; 240
   002D F0                   92 	.db #0xf0	; 240
   002E F0                   93 	.db #0xf0	; 240
   002F F0                   94 	.db #0xf0	; 240
   0030 F0                   95 	.db #0xf0	; 240
   0031 F0                   96 	.db #0xf0	; 240
   0032 F0                   97 	.db #0xf0	; 240
   0033 F0                   98 	.db #0xf0	; 240
   0034 F0                   99 	.db #0xf0	; 240
   0035 F0                  100 	.db #0xf0	; 240
   0036 F0                  101 	.db #0xf0	; 240
   0037 F0                  102 	.db #0xf0	; 240
   0038 F0                  103 	.db #0xf0	; 240
   0039 F0                  104 	.db #0xf0	; 240
   003A F0                  105 	.db #0xf0	; 240
   003B F0                  106 	.db #0xf0	; 240
   003C F0                  107 	.db #0xf0	; 240
   003D F0                  108 	.db #0xf0	; 240
   003E F0                  109 	.db #0xf0	; 240
   003F F0                  110 	.db #0xf0	; 240
   0040 F0                  111 	.db #0xf0	; 240
   0041 F0                  112 	.db #0xf0	; 240
   0042 F0                  113 	.db #0xf0	; 240
   0043 F0                  114 	.db #0xf0	; 240
   0044 F0                  115 	.db #0xf0	; 240
   0045 F0                  116 	.db #0xf0	; 240
   0046 F0                  117 	.db #0xf0	; 240
   0047 F0                  118 	.db #0xf0	; 240
   0048 F0                  119 	.db #0xf0	; 240
   0049 F0                  120 	.db #0xf0	; 240
   004A F0                  121 	.db #0xf0	; 240
   004B F0                  122 	.db #0xf0	; 240
   004C F0                  123 	.db #0xf0	; 240
   004D F0                  124 	.db #0xf0	; 240
   004E F0                  125 	.db #0xf0	; 240
   004F F0                  126 	.db #0xf0	; 240
                            127 	.area _INITIALIZER
                            128 	.area _CABS (ABS)
