                              1 ;--------------------------------------------------------
                              2 ; File Created by SDCC : free open source ANSI-C Compiler
                              3 ; Version 3.6.8 #9946 (Linux)
                              4 ;--------------------------------------------------------
                              5 	.module mainchar
                              6 	.optsdcc -mz80
                              7 	
                              8 ;--------------------------------------------------------
                              9 ; Public variables in this module
                             10 ;--------------------------------------------------------
                             11 	.globl _sp_mainchar
                             12 	.globl _main_pal
                             13 ;--------------------------------------------------------
                             14 ; special function registers
                             15 ;--------------------------------------------------------
                             16 ;--------------------------------------------------------
                             17 ; ram data
                             18 ;--------------------------------------------------------
                             19 	.area _DATA
                             20 ;--------------------------------------------------------
                             21 ; ram data
                             22 ;--------------------------------------------------------
                             23 	.area _INITIALIZED
                             24 ;--------------------------------------------------------
                             25 ; absolute external ram data
                             26 ;--------------------------------------------------------
                             27 	.area _DABS (ABS)
                             28 ;--------------------------------------------------------
                             29 ; global & static initialisations
                             30 ;--------------------------------------------------------
                             31 	.area _HOME
                             32 	.area _GSINIT
                             33 	.area _GSFINAL
                             34 	.area _GSINIT
                             35 ;--------------------------------------------------------
                             36 ; Home
                             37 ;--------------------------------------------------------
                             38 	.area _HOME
                             39 	.area _HOME
                             40 ;--------------------------------------------------------
                             41 ; code
                             42 ;--------------------------------------------------------
                             43 	.area _CODE
                             44 	.area _CODE
   0000                      45 _main_pal:
   0000 54                   46 	.db #0x54	; 84	'T'
   0001 44                   47 	.db #0x44	; 68	'D'
   0002 5C                   48 	.db #0x5c	; 92
   0003 58                   49 	.db #0x58	; 88	'X'
   0004 45                   50 	.db #0x45	; 69	'E'
   0005 52                   51 	.db #0x52	; 82	'R'
   0006 46                   52 	.db #0x46	; 70	'F'
   0007 5E                   53 	.db #0x5e	; 94
   0008 40                   54 	.db #0x40	; 64
   0009 47                   55 	.db #0x47	; 71	'G'
   000A 42                   56 	.db #0x42	; 66	'B'
   000B 53                   57 	.db #0x53	; 83	'S'
   000C 5A                   58 	.db #0x5a	; 90	'Z'
   000D 4A                   59 	.db #0x4a	; 74	'J'
   000E 43                   60 	.db #0x43	; 67	'C'
   000F 4B                   61 	.db #0x4b	; 75	'K'
   0010                      62 _sp_mainchar:
   0010 00                   63 	.db #0x00	; 0
   0011 00                   64 	.db #0x00	; 0
   0012 00                   65 	.db #0x00	; 0
   0013 00                   66 	.db #0x00	; 0
   0014 00                   67 	.db #0x00	; 0
   0015 00                   68 	.db #0x00	; 0
   0016 00                   69 	.db #0x00	; 0
   0017 00                   70 	.db #0x00	; 0
   0018 00                   71 	.db #0x00	; 0
   0019 00                   72 	.db #0x00	; 0
   001A 00                   73 	.db #0x00	; 0
   001B 00                   74 	.db #0x00	; 0
   001C 00                   75 	.db #0x00	; 0
   001D 00                   76 	.db #0x00	; 0
   001E 00                   77 	.db #0x00	; 0
   001F 00                   78 	.db #0x00	; 0
   0020 00                   79 	.db #0x00	; 0
   0021 FF                   80 	.db #0xff	; 255
   0022 FF                   81 	.db #0xff	; 255
   0023 00                   82 	.db #0x00	; 0
   0024 00                   83 	.db #0x00	; 0
   0025 FF                   84 	.db #0xff	; 255
   0026 FF                   85 	.db #0xff	; 255
   0027 00                   86 	.db #0x00	; 0
   0028 55                   87 	.db #0x55	; 85	'U'
   0029 00                   88 	.db #0x00	; 0
   002A 00                   89 	.db #0x00	; 0
   002B AA                   90 	.db #0xaa	; 170
   002C 55                   91 	.db #0x55	; 85	'U'
   002D 00                   92 	.db #0x00	; 0
   002E 00                   93 	.db #0x00	; 0
   002F AA                   94 	.db #0xaa	; 170
   0030 55                   95 	.db #0x55	; 85	'U'
   0031 00                   96 	.db #0x00	; 0
   0032 00                   97 	.db #0x00	; 0
   0033 AA                   98 	.db #0xaa	; 170
   0034 55                   99 	.db #0x55	; 85	'U'
   0035 00                  100 	.db #0x00	; 0
   0036 00                  101 	.db #0x00	; 0
   0037 AA                  102 	.db #0xaa	; 170
   0038 00                  103 	.db #0x00	; 0
   0039 FF                  104 	.db #0xff	; 255
   003A FF                  105 	.db #0xff	; 255
   003B 00                  106 	.db #0x00	; 0
   003C 00                  107 	.db #0x00	; 0
   003D FF                  108 	.db #0xff	; 255
   003E FF                  109 	.db #0xff	; 255
   003F 00                  110 	.db #0x00	; 0
   0040 00                  111 	.db #0x00	; 0
   0041 00                  112 	.db #0x00	; 0
   0042 00                  113 	.db #0x00	; 0
   0043 00                  114 	.db #0x00	; 0
   0044 00                  115 	.db #0x00	; 0
   0045 00                  116 	.db #0x00	; 0
   0046 00                  117 	.db #0x00	; 0
   0047 00                  118 	.db #0x00	; 0
   0048 00                  119 	.db #0x00	; 0
   0049 00                  120 	.db #0x00	; 0
   004A 00                  121 	.db #0x00	; 0
   004B 00                  122 	.db #0x00	; 0
   004C 00                  123 	.db #0x00	; 0
   004D 00                  124 	.db #0x00	; 0
   004E 00                  125 	.db #0x00	; 0
   004F 00                  126 	.db #0x00	; 0
                            127 	.area _INITIALIZER
                            128 	.area _CABS (ABS)
