                              1 ;--------------------------------------------------------
                              2 ; File Created by SDCC : free open source ANSI-C Compiler
                              3 ; Version 3.6.8 #9946 (Linux)
                              4 ;--------------------------------------------------------
                              5 	.module plataforma30
                              6 	.optsdcc -mz80
                              7 	
                              8 ;--------------------------------------------------------
                              9 ; Public variables in this module
                             10 ;--------------------------------------------------------
                             11 	.globl _sp_plat
                             12 	.globl _main_pal11
                             13 ;--------------------------------------------------------
                             14 ; special function registers
                             15 ;--------------------------------------------------------
                             16 ;--------------------------------------------------------
                             17 ; ram data
                             18 ;--------------------------------------------------------
                             19 	.area _DATA
                             20 ;--------------------------------------------------------
                             21 ; ram data
                             22 ;--------------------------------------------------------
                             23 	.area _INITIALIZED
                             24 ;--------------------------------------------------------
                             25 ; absolute external ram data
                             26 ;--------------------------------------------------------
                             27 	.area _DABS (ABS)
                             28 ;--------------------------------------------------------
                             29 ; global & static initialisations
                             30 ;--------------------------------------------------------
                             31 	.area _HOME
                             32 	.area _GSINIT
                             33 	.area _GSFINAL
                             34 	.area _GSINIT
                             35 ;--------------------------------------------------------
                             36 ; Home
                             37 ;--------------------------------------------------------
                             38 	.area _HOME
                             39 	.area _HOME
                             40 ;--------------------------------------------------------
                             41 ; code
                             42 ;--------------------------------------------------------
                             43 	.area _CODE
                             44 	.area _CODE
   0000                      45 _main_pal11:
   0000 54                   46 	.db #0x54	; 84	'T'
   0001 44                   47 	.db #0x44	; 68	'D'
   0002 5C                   48 	.db #0x5c	; 92
   0003 58                   49 	.db #0x58	; 88	'X'
   0004 45                   50 	.db #0x45	; 69	'E'
   0005 52                   51 	.db #0x52	; 82	'R'
   0006 46                   52 	.db #0x46	; 70	'F'
   0007 5E                   53 	.db #0x5e	; 94
   0008 40                   54 	.db #0x40	; 64
   0009 47                   55 	.db #0x47	; 71	'G'
   000A 42                   56 	.db #0x42	; 66	'B'
   000B 53                   57 	.db #0x53	; 83	'S'
   000C 5A                   58 	.db #0x5a	; 90	'Z'
   000D 4A                   59 	.db #0x4a	; 74	'J'
   000E 43                   60 	.db #0x43	; 67	'C'
   000F 4B                   61 	.db #0x4b	; 75	'K'
   0010                      62 _sp_plat:
   0010 FF                   63 	.db #0xff	; 255
   0011 FF                   64 	.db #0xff	; 255
   0012 FF                   65 	.db #0xff	; 255
   0013 FF                   66 	.db #0xff	; 255
   0014 FF                   67 	.db #0xff	; 255
   0015 FF                   68 	.db #0xff	; 255
   0016 FF                   69 	.db #0xff	; 255
   0017 FF                   70 	.db #0xff	; 255
   0018 FF                   71 	.db #0xff	; 255
   0019 FF                   72 	.db #0xff	; 255
   001A FF                   73 	.db #0xff	; 255
   001B FF                   74 	.db #0xff	; 255
   001C FF                   75 	.db #0xff	; 255
   001D FF                   76 	.db #0xff	; 255
   001E FF                   77 	.db #0xff	; 255
   001F FF                   78 	.db #0xff	; 255
   0020 FF                   79 	.db #0xff	; 255
   0021 FF                   80 	.db #0xff	; 255
   0022 FF                   81 	.db #0xff	; 255
   0023 FF                   82 	.db #0xff	; 255
   0024 FF                   83 	.db #0xff	; 255
   0025 FF                   84 	.db #0xff	; 255
   0026 FF                   85 	.db #0xff	; 255
   0027 FF                   86 	.db #0xff	; 255
   0028 FF                   87 	.db #0xff	; 255
   0029 FF                   88 	.db #0xff	; 255
   002A FF                   89 	.db #0xff	; 255
   002B FF                   90 	.db #0xff	; 255
   002C FF                   91 	.db #0xff	; 255
   002D FF                   92 	.db #0xff	; 255
   002E FF                   93 	.db #0xff	; 255
   002F FF                   94 	.db #0xff	; 255
   0030 FF                   95 	.db #0xff	; 255
   0031 FF                   96 	.db #0xff	; 255
   0032 FF                   97 	.db #0xff	; 255
   0033 FF                   98 	.db #0xff	; 255
   0034 FF                   99 	.db #0xff	; 255
   0035 FF                  100 	.db #0xff	; 255
   0036 FF                  101 	.db #0xff	; 255
   0037 FF                  102 	.db #0xff	; 255
   0038 FF                  103 	.db #0xff	; 255
   0039 FF                  104 	.db #0xff	; 255
   003A FF                  105 	.db #0xff	; 255
   003B FF                  106 	.db #0xff	; 255
   003C FF                  107 	.db #0xff	; 255
   003D FF                  108 	.db #0xff	; 255
   003E FF                  109 	.db #0xff	; 255
   003F FF                  110 	.db #0xff	; 255
   0040 FF                  111 	.db #0xff	; 255
   0041 FF                  112 	.db #0xff	; 255
   0042 FF                  113 	.db #0xff	; 255
   0043 FF                  114 	.db #0xff	; 255
   0044 FF                  115 	.db #0xff	; 255
   0045 FF                  116 	.db #0xff	; 255
   0046 FF                  117 	.db #0xff	; 255
   0047 FF                  118 	.db #0xff	; 255
   0048 FF                  119 	.db #0xff	; 255
   0049 FF                  120 	.db #0xff	; 255
   004A FF                  121 	.db #0xff	; 255
   004B FF                  122 	.db #0xff	; 255
   004C FF                  123 	.db #0xff	; 255
   004D FF                  124 	.db #0xff	; 255
   004E FF                  125 	.db #0xff	; 255
   004F FF                  126 	.db #0xff	; 255
   0050 FF                  127 	.db #0xff	; 255
   0051 FF                  128 	.db #0xff	; 255
   0052 FF                  129 	.db #0xff	; 255
   0053 FF                  130 	.db #0xff	; 255
   0054 FF                  131 	.db #0xff	; 255
   0055 FF                  132 	.db #0xff	; 255
   0056 FF                  133 	.db #0xff	; 255
   0057 FF                  134 	.db #0xff	; 255
   0058 FF                  135 	.db #0xff	; 255
   0059 FF                  136 	.db #0xff	; 255
   005A FF                  137 	.db #0xff	; 255
   005B FF                  138 	.db #0xff	; 255
   005C FF                  139 	.db #0xff	; 255
   005D FF                  140 	.db #0xff	; 255
   005E FF                  141 	.db #0xff	; 255
   005F FF                  142 	.db #0xff	; 255
   0060 FF                  143 	.db #0xff	; 255
   0061 FF                  144 	.db #0xff	; 255
   0062 FF                  145 	.db #0xff	; 255
   0063 FF                  146 	.db #0xff	; 255
   0064 FF                  147 	.db #0xff	; 255
   0065 FF                  148 	.db #0xff	; 255
   0066 FF                  149 	.db #0xff	; 255
   0067 FF                  150 	.db #0xff	; 255
   0068 FF                  151 	.db #0xff	; 255
   0069 FF                  152 	.db #0xff	; 255
   006A FF                  153 	.db #0xff	; 255
   006B FF                  154 	.db #0xff	; 255
   006C FF                  155 	.db #0xff	; 255
   006D FF                  156 	.db #0xff	; 255
   006E FF                  157 	.db #0xff	; 255
   006F FF                  158 	.db #0xff	; 255
   0070 FF                  159 	.db #0xff	; 255
   0071 FF                  160 	.db #0xff	; 255
   0072 FF                  161 	.db #0xff	; 255
   0073 FF                  162 	.db #0xff	; 255
   0074 FF                  163 	.db #0xff	; 255
   0075 FF                  164 	.db #0xff	; 255
   0076 FF                  165 	.db #0xff	; 255
   0077 FF                  166 	.db #0xff	; 255
   0078 FF                  167 	.db #0xff	; 255
   0079 FF                  168 	.db #0xff	; 255
   007A FF                  169 	.db #0xff	; 255
   007B FF                  170 	.db #0xff	; 255
   007C FF                  171 	.db #0xff	; 255
   007D FF                  172 	.db #0xff	; 255
   007E FF                  173 	.db #0xff	; 255
   007F FF                  174 	.db #0xff	; 255
   0080 FF                  175 	.db #0xff	; 255
   0081 FF                  176 	.db #0xff	; 255
   0082 FF                  177 	.db #0xff	; 255
   0083 FF                  178 	.db #0xff	; 255
   0084 FF                  179 	.db #0xff	; 255
   0085 FF                  180 	.db #0xff	; 255
   0086 FF                  181 	.db #0xff	; 255
   0087 FF                  182 	.db #0xff	; 255
                            183 	.area _INITIALIZER
                            184 	.area _CABS (ABS)
