                              1 ;--------------------------------------------------------
                              2 ; File Created by SDCC : free open source ANSI-C Compiler
                              3 ; Version 3.6.8 #9946 (Linux)
                              4 ;--------------------------------------------------------
                              5 	.module rojo_grande
                              6 	.optsdcc -mz80
                              7 	
                              8 ;--------------------------------------------------------
                              9 ; Public variables in this module
                             10 ;--------------------------------------------------------
                             11 	.globl _sp_rojo_grande
                             12 	.globl _main_pl
                             13 ;--------------------------------------------------------
                             14 ; special function registers
                             15 ;--------------------------------------------------------
                             16 ;--------------------------------------------------------
                             17 ; ram data
                             18 ;--------------------------------------------------------
                             19 	.area _DATA
                             20 ;--------------------------------------------------------
                             21 ; ram data
                             22 ;--------------------------------------------------------
                             23 	.area _INITIALIZED
                             24 ;--------------------------------------------------------
                             25 ; absolute external ram data
                             26 ;--------------------------------------------------------
                             27 	.area _DABS (ABS)
                             28 ;--------------------------------------------------------
                             29 ; global & static initialisations
                             30 ;--------------------------------------------------------
                             31 	.area _HOME
                             32 	.area _GSINIT
                             33 	.area _GSFINAL
                             34 	.area _GSINIT
                             35 ;--------------------------------------------------------
                             36 ; Home
                             37 ;--------------------------------------------------------
                             38 	.area _HOME
                             39 	.area _HOME
                             40 ;--------------------------------------------------------
                             41 ; code
                             42 ;--------------------------------------------------------
                             43 	.area _CODE
                             44 	.area _CODE
   0000                      45 _main_pl:
   0000 54                   46 	.db #0x54	; 84	'T'
   0001 44                   47 	.db #0x44	; 68	'D'
   0002 5C                   48 	.db #0x5c	; 92
   0003 58                   49 	.db #0x58	; 88	'X'
   0004 45                   50 	.db #0x45	; 69	'E'
   0005 52                   51 	.db #0x52	; 82	'R'
   0006 46                   52 	.db #0x46	; 70	'F'
   0007 5E                   53 	.db #0x5e	; 94
   0008 40                   54 	.db #0x40	; 64
   0009 47                   55 	.db #0x47	; 71	'G'
   000A 42                   56 	.db #0x42	; 66	'B'
   000B 53                   57 	.db #0x53	; 83	'S'
   000C 5A                   58 	.db #0x5a	; 90	'Z'
   000D 4A                   59 	.db #0x4a	; 74	'J'
   000E 43                   60 	.db #0x43	; 67	'C'
   000F 4B                   61 	.db #0x4b	; 75	'K'
   0010                      62 _sp_rojo_grande:
   0010 C3                   63 	.db #0xc3	; 195
   0011 C3                   64 	.db #0xc3	; 195
   0012 92                   65 	.db #0x92	; 146
   0013 30                   66 	.db #0x30	; 48	'0'
   0014 30                   67 	.db #0x30	; 48	'0'
   0015 30                   68 	.db #0x30	; 48	'0'
   0016 30                   69 	.db #0x30	; 48	'0'
   0017 30                   70 	.db #0x30	; 48	'0'
   0018 30                   71 	.db #0x30	; 48	'0'
   0019 30                   72 	.db #0x30	; 48	'0'
   001A 30                   73 	.db #0x30	; 48	'0'
   001B 30                   74 	.db #0x30	; 48	'0'
   001C 30                   75 	.db #0x30	; 48	'0'
   001D 30                   76 	.db #0x30	; 48	'0'
   001E 30                   77 	.db #0x30	; 48	'0'
   001F 30                   78 	.db #0x30	; 48	'0'
   0020 30                   79 	.db #0x30	; 48	'0'
   0021 30                   80 	.db #0x30	; 48	'0'
   0022 30                   81 	.db #0x30	; 48	'0'
   0023 30                   82 	.db #0x30	; 48	'0'
   0024 30                   83 	.db #0x30	; 48	'0'
   0025 30                   84 	.db #0x30	; 48	'0'
   0026 30                   85 	.db #0x30	; 48	'0'
   0027 30                   86 	.db #0x30	; 48	'0'
   0028 30                   87 	.db #0x30	; 48	'0'
   0029 30                   88 	.db #0x30	; 48	'0'
   002A 30                   89 	.db #0x30	; 48	'0'
   002B 30                   90 	.db #0x30	; 48	'0'
   002C 30                   91 	.db #0x30	; 48	'0'
   002D 30                   92 	.db #0x30	; 48	'0'
   002E 30                   93 	.db #0x30	; 48	'0'
   002F 30                   94 	.db #0x30	; 48	'0'
   0030 30                   95 	.db #0x30	; 48	'0'
   0031 30                   96 	.db #0x30	; 48	'0'
   0032 30                   97 	.db #0x30	; 48	'0'
   0033 30                   98 	.db #0x30	; 48	'0'
   0034 30                   99 	.db #0x30	; 48	'0'
   0035 30                  100 	.db #0x30	; 48	'0'
   0036 30                  101 	.db #0x30	; 48	'0'
   0037 30                  102 	.db #0x30	; 48	'0'
   0038 30                  103 	.db #0x30	; 48	'0'
   0039 30                  104 	.db #0x30	; 48	'0'
   003A 30                  105 	.db #0x30	; 48	'0'
   003B 30                  106 	.db #0x30	; 48	'0'
   003C 30                  107 	.db #0x30	; 48	'0'
   003D 30                  108 	.db #0x30	; 48	'0'
   003E 30                  109 	.db #0x30	; 48	'0'
   003F 30                  110 	.db #0x30	; 48	'0'
   0040 30                  111 	.db #0x30	; 48	'0'
   0041 30                  112 	.db #0x30	; 48	'0'
   0042 30                  113 	.db #0x30	; 48	'0'
   0043 30                  114 	.db #0x30	; 48	'0'
   0044 30                  115 	.db #0x30	; 48	'0'
   0045 30                  116 	.db #0x30	; 48	'0'
   0046 30                  117 	.db #0x30	; 48	'0'
   0047 30                  118 	.db #0x30	; 48	'0'
   0048 30                  119 	.db #0x30	; 48	'0'
   0049 30                  120 	.db #0x30	; 48	'0'
   004A 30                  121 	.db #0x30	; 48	'0'
   004B 30                  122 	.db #0x30	; 48	'0'
   004C 30                  123 	.db #0x30	; 48	'0'
   004D 30                  124 	.db #0x30	; 48	'0'
   004E 30                  125 	.db #0x30	; 48	'0'
   004F 30                  126 	.db #0x30	; 48	'0'
   0050 30                  127 	.db #0x30	; 48	'0'
   0051 30                  128 	.db #0x30	; 48	'0'
   0052 30                  129 	.db #0x30	; 48	'0'
   0053 30                  130 	.db #0x30	; 48	'0'
   0054 30                  131 	.db #0x30	; 48	'0'
   0055 30                  132 	.db #0x30	; 48	'0'
   0056 30                  133 	.db #0x30	; 48	'0'
   0057 30                  134 	.db #0x30	; 48	'0'
   0058 30                  135 	.db #0x30	; 48	'0'
   0059 30                  136 	.db #0x30	; 48	'0'
   005A 30                  137 	.db #0x30	; 48	'0'
   005B 30                  138 	.db #0x30	; 48	'0'
   005C 30                  139 	.db #0x30	; 48	'0'
   005D 30                  140 	.db #0x30	; 48	'0'
   005E 30                  141 	.db #0x30	; 48	'0'
   005F 30                  142 	.db #0x30	; 48	'0'
   0060 30                  143 	.db #0x30	; 48	'0'
   0061 30                  144 	.db #0x30	; 48	'0'
   0062 30                  145 	.db #0x30	; 48	'0'
   0063 30                  146 	.db #0x30	; 48	'0'
   0064 30                  147 	.db #0x30	; 48	'0'
   0065 30                  148 	.db #0x30	; 48	'0'
   0066 30                  149 	.db #0x30	; 48	'0'
   0067 30                  150 	.db #0x30	; 48	'0'
   0068 30                  151 	.db #0x30	; 48	'0'
   0069 30                  152 	.db #0x30	; 48	'0'
   006A 30                  153 	.db #0x30	; 48	'0'
   006B 30                  154 	.db #0x30	; 48	'0'
   006C 30                  155 	.db #0x30	; 48	'0'
   006D 30                  156 	.db #0x30	; 48	'0'
   006E 30                  157 	.db #0x30	; 48	'0'
   006F 30                  158 	.db #0x30	; 48	'0'
   0070 30                  159 	.db #0x30	; 48	'0'
   0071 30                  160 	.db #0x30	; 48	'0'
   0072 30                  161 	.db #0x30	; 48	'0'
   0073 30                  162 	.db #0x30	; 48	'0'
   0074 30                  163 	.db #0x30	; 48	'0'
   0075 30                  164 	.db #0x30	; 48	'0'
   0076 30                  165 	.db #0x30	; 48	'0'
   0077 30                  166 	.db #0x30	; 48	'0'
   0078 30                  167 	.db #0x30	; 48	'0'
   0079 30                  168 	.db #0x30	; 48	'0'
   007A 30                  169 	.db #0x30	; 48	'0'
   007B 30                  170 	.db #0x30	; 48	'0'
   007C 30                  171 	.db #0x30	; 48	'0'
   007D 30                  172 	.db #0x30	; 48	'0'
   007E 30                  173 	.db #0x30	; 48	'0'
   007F 30                  174 	.db #0x30	; 48	'0'
   0080 30                  175 	.db #0x30	; 48	'0'
   0081 30                  176 	.db #0x30	; 48	'0'
   0082 30                  177 	.db #0x30	; 48	'0'
   0083 30                  178 	.db #0x30	; 48	'0'
   0084 30                  179 	.db #0x30	; 48	'0'
   0085 30                  180 	.db #0x30	; 48	'0'
   0086 30                  181 	.db #0x30	; 48	'0'
   0087 30                  182 	.db #0x30	; 48	'0'
   0088 30                  183 	.db #0x30	; 48	'0'
   0089 30                  184 	.db #0x30	; 48	'0'
   008A 30                  185 	.db #0x30	; 48	'0'
   008B 30                  186 	.db #0x30	; 48	'0'
   008C 30                  187 	.db #0x30	; 48	'0'
   008D 30                  188 	.db #0x30	; 48	'0'
   008E 30                  189 	.db #0x30	; 48	'0'
   008F 30                  190 	.db #0x30	; 48	'0'
   0090 30                  191 	.db #0x30	; 48	'0'
   0091 30                  192 	.db #0x30	; 48	'0'
   0092 30                  193 	.db #0x30	; 48	'0'
   0093 30                  194 	.db #0x30	; 48	'0'
   0094 30                  195 	.db #0x30	; 48	'0'
   0095 30                  196 	.db #0x30	; 48	'0'
   0096 30                  197 	.db #0x30	; 48	'0'
   0097 30                  198 	.db #0x30	; 48	'0'
   0098 30                  199 	.db #0x30	; 48	'0'
   0099 30                  200 	.db #0x30	; 48	'0'
   009A 30                  201 	.db #0x30	; 48	'0'
   009B 30                  202 	.db #0x30	; 48	'0'
   009C 30                  203 	.db #0x30	; 48	'0'
   009D 30                  204 	.db #0x30	; 48	'0'
   009E 30                  205 	.db #0x30	; 48	'0'
   009F 30                  206 	.db #0x30	; 48	'0'
   00A0 30                  207 	.db #0x30	; 48	'0'
   00A1 30                  208 	.db #0x30	; 48	'0'
   00A2 30                  209 	.db #0x30	; 48	'0'
   00A3 30                  210 	.db #0x30	; 48	'0'
   00A4 30                  211 	.db #0x30	; 48	'0'
   00A5 30                  212 	.db #0x30	; 48	'0'
   00A6 30                  213 	.db #0x30	; 48	'0'
   00A7 30                  214 	.db #0x30	; 48	'0'
   00A8 30                  215 	.db #0x30	; 48	'0'
   00A9 30                  216 	.db #0x30	; 48	'0'
   00AA 30                  217 	.db #0x30	; 48	'0'
   00AB 30                  218 	.db #0x30	; 48	'0'
   00AC 30                  219 	.db #0x30	; 48	'0'
   00AD 30                  220 	.db #0x30	; 48	'0'
   00AE 30                  221 	.db #0x30	; 48	'0'
   00AF 30                  222 	.db #0x30	; 48	'0'
   00B0 30                  223 	.db #0x30	; 48	'0'
   00B1 30                  224 	.db #0x30	; 48	'0'
   00B2 30                  225 	.db #0x30	; 48	'0'
   00B3 30                  226 	.db #0x30	; 48	'0'
   00B4 30                  227 	.db #0x30	; 48	'0'
   00B5 30                  228 	.db #0x30	; 48	'0'
   00B6 30                  229 	.db #0x30	; 48	'0'
   00B7 30                  230 	.db #0x30	; 48	'0'
   00B8 30                  231 	.db #0x30	; 48	'0'
   00B9 30                  232 	.db #0x30	; 48	'0'
   00BA 30                  233 	.db #0x30	; 48	'0'
   00BB 30                  234 	.db #0x30	; 48	'0'
   00BC 30                  235 	.db #0x30	; 48	'0'
   00BD 30                  236 	.db #0x30	; 48	'0'
   00BE 30                  237 	.db #0x30	; 48	'0'
   00BF 30                  238 	.db #0x30	; 48	'0'
   00C0 30                  239 	.db #0x30	; 48	'0'
   00C1 30                  240 	.db #0x30	; 48	'0'
   00C2 30                  241 	.db #0x30	; 48	'0'
   00C3 30                  242 	.db #0x30	; 48	'0'
   00C4 30                  243 	.db #0x30	; 48	'0'
   00C5 30                  244 	.db #0x30	; 48	'0'
   00C6 30                  245 	.db #0x30	; 48	'0'
   00C7 30                  246 	.db #0x30	; 48	'0'
   00C8 30                  247 	.db #0x30	; 48	'0'
   00C9 30                  248 	.db #0x30	; 48	'0'
   00CA 30                  249 	.db #0x30	; 48	'0'
   00CB 30                  250 	.db #0x30	; 48	'0'
   00CC 30                  251 	.db #0x30	; 48	'0'
   00CD 30                  252 	.db #0x30	; 48	'0'
   00CE 30                  253 	.db #0x30	; 48	'0'
   00CF 30                  254 	.db #0x30	; 48	'0'
   00D0 30                  255 	.db #0x30	; 48	'0'
   00D1 30                  256 	.db #0x30	; 48	'0'
   00D2 30                  257 	.db #0x30	; 48	'0'
   00D3 30                  258 	.db #0x30	; 48	'0'
   00D4 30                  259 	.db #0x30	; 48	'0'
   00D5 30                  260 	.db #0x30	; 48	'0'
   00D6 30                  261 	.db #0x30	; 48	'0'
   00D7 30                  262 	.db #0x30	; 48	'0'
   00D8 30                  263 	.db #0x30	; 48	'0'
   00D9 30                  264 	.db #0x30	; 48	'0'
   00DA 30                  265 	.db #0x30	; 48	'0'
   00DB 30                  266 	.db #0x30	; 48	'0'
   00DC 30                  267 	.db #0x30	; 48	'0'
   00DD 30                  268 	.db #0x30	; 48	'0'
   00DE 30                  269 	.db #0x30	; 48	'0'
   00DF 30                  270 	.db #0x30	; 48	'0'
   00E0 30                  271 	.db #0x30	; 48	'0'
   00E1 30                  272 	.db #0x30	; 48	'0'
   00E2 30                  273 	.db #0x30	; 48	'0'
   00E3 30                  274 	.db #0x30	; 48	'0'
   00E4 30                  275 	.db #0x30	; 48	'0'
   00E5 30                  276 	.db #0x30	; 48	'0'
   00E6 30                  277 	.db #0x30	; 48	'0'
   00E7 30                  278 	.db #0x30	; 48	'0'
   00E8 30                  279 	.db #0x30	; 48	'0'
   00E9 30                  280 	.db #0x30	; 48	'0'
   00EA 30                  281 	.db #0x30	; 48	'0'
   00EB 30                  282 	.db #0x30	; 48	'0'
   00EC 30                  283 	.db #0x30	; 48	'0'
   00ED 30                  284 	.db #0x30	; 48	'0'
   00EE 30                  285 	.db #0x30	; 48	'0'
   00EF 30                  286 	.db #0x30	; 48	'0'
   00F0 30                  287 	.db #0x30	; 48	'0'
   00F1 30                  288 	.db #0x30	; 48	'0'
   00F2 30                  289 	.db #0x30	; 48	'0'
   00F3 30                  290 	.db #0x30	; 48	'0'
   00F4 30                  291 	.db #0x30	; 48	'0'
   00F5 30                  292 	.db #0x30	; 48	'0'
   00F6 30                  293 	.db #0x30	; 48	'0'
   00F7 30                  294 	.db #0x30	; 48	'0'
   00F8 30                  295 	.db #0x30	; 48	'0'
   00F9 30                  296 	.db #0x30	; 48	'0'
   00FA 30                  297 	.db #0x30	; 48	'0'
   00FB 30                  298 	.db #0x30	; 48	'0'
   00FC 30                  299 	.db #0x30	; 48	'0'
   00FD 30                  300 	.db #0x30	; 48	'0'
   00FE 30                  301 	.db #0x30	; 48	'0'
   00FF 30                  302 	.db #0x30	; 48	'0'
   0100 30                  303 	.db #0x30	; 48	'0'
   0101 30                  304 	.db #0x30	; 48	'0'
   0102 30                  305 	.db #0x30	; 48	'0'
   0103 30                  306 	.db #0x30	; 48	'0'
   0104 30                  307 	.db #0x30	; 48	'0'
   0105 30                  308 	.db #0x30	; 48	'0'
   0106 30                  309 	.db #0x30	; 48	'0'
   0107 30                  310 	.db #0x30	; 48	'0'
   0108 30                  311 	.db #0x30	; 48	'0'
   0109 30                  312 	.db #0x30	; 48	'0'
   010A 30                  313 	.db #0x30	; 48	'0'
   010B 30                  314 	.db #0x30	; 48	'0'
   010C 30                  315 	.db #0x30	; 48	'0'
   010D 30                  316 	.db #0x30	; 48	'0'
   010E 30                  317 	.db #0x30	; 48	'0'
   010F 30                  318 	.db #0x30	; 48	'0'
   0110 30                  319 	.db #0x30	; 48	'0'
   0111 30                  320 	.db #0x30	; 48	'0'
   0112 30                  321 	.db #0x30	; 48	'0'
   0113 30                  322 	.db #0x30	; 48	'0'
   0114 30                  323 	.db #0x30	; 48	'0'
   0115 30                  324 	.db #0x30	; 48	'0'
   0116 30                  325 	.db #0x30	; 48	'0'
   0117 30                  326 	.db #0x30	; 48	'0'
   0118 30                  327 	.db #0x30	; 48	'0'
   0119 30                  328 	.db #0x30	; 48	'0'
   011A 30                  329 	.db #0x30	; 48	'0'
   011B 30                  330 	.db #0x30	; 48	'0'
   011C 30                  331 	.db #0x30	; 48	'0'
   011D 30                  332 	.db #0x30	; 48	'0'
   011E 30                  333 	.db #0x30	; 48	'0'
   011F 30                  334 	.db #0x30	; 48	'0'
   0120 30                  335 	.db #0x30	; 48	'0'
   0121 30                  336 	.db #0x30	; 48	'0'
   0122 30                  337 	.db #0x30	; 48	'0'
   0123 30                  338 	.db #0x30	; 48	'0'
   0124 30                  339 	.db #0x30	; 48	'0'
   0125 30                  340 	.db #0x30	; 48	'0'
   0126 30                  341 	.db #0x30	; 48	'0'
   0127 30                  342 	.db #0x30	; 48	'0'
   0128 30                  343 	.db #0x30	; 48	'0'
   0129 30                  344 	.db #0x30	; 48	'0'
   012A 30                  345 	.db #0x30	; 48	'0'
   012B 30                  346 	.db #0x30	; 48	'0'
   012C 30                  347 	.db #0x30	; 48	'0'
   012D 30                  348 	.db #0x30	; 48	'0'
   012E 30                  349 	.db #0x30	; 48	'0'
   012F 30                  350 	.db #0x30	; 48	'0'
   0130 30                  351 	.db #0x30	; 48	'0'
   0131 30                  352 	.db #0x30	; 48	'0'
   0132 30                  353 	.db #0x30	; 48	'0'
   0133 30                  354 	.db #0x30	; 48	'0'
   0134 30                  355 	.db #0x30	; 48	'0'
   0135 30                  356 	.db #0x30	; 48	'0'
   0136 30                  357 	.db #0x30	; 48	'0'
   0137 30                  358 	.db #0x30	; 48	'0'
   0138 30                  359 	.db #0x30	; 48	'0'
   0139 30                  360 	.db #0x30	; 48	'0'
   013A 30                  361 	.db #0x30	; 48	'0'
   013B 30                  362 	.db #0x30	; 48	'0'
   013C 30                  363 	.db #0x30	; 48	'0'
   013D 30                  364 	.db #0x30	; 48	'0'
   013E 30                  365 	.db #0x30	; 48	'0'
   013F 30                  366 	.db #0x30	; 48	'0'
   0140 30                  367 	.db #0x30	; 48	'0'
   0141 30                  368 	.db #0x30	; 48	'0'
   0142 30                  369 	.db #0x30	; 48	'0'
   0143 30                  370 	.db #0x30	; 48	'0'
   0144 30                  371 	.db #0x30	; 48	'0'
   0145 30                  372 	.db #0x30	; 48	'0'
   0146 30                  373 	.db #0x30	; 48	'0'
   0147 30                  374 	.db #0x30	; 48	'0'
   0148 30                  375 	.db #0x30	; 48	'0'
   0149 30                  376 	.db #0x30	; 48	'0'
   014A 30                  377 	.db #0x30	; 48	'0'
   014B 30                  378 	.db #0x30	; 48	'0'
   014C 30                  379 	.db #0x30	; 48	'0'
   014D 30                  380 	.db #0x30	; 48	'0'
   014E 30                  381 	.db #0x30	; 48	'0'
   014F 30                  382 	.db #0x30	; 48	'0'
   0150 30                  383 	.db #0x30	; 48	'0'
   0151 30                  384 	.db #0x30	; 48	'0'
   0152 30                  385 	.db #0x30	; 48	'0'
   0153 30                  386 	.db #0x30	; 48	'0'
   0154 30                  387 	.db #0x30	; 48	'0'
   0155 30                  388 	.db #0x30	; 48	'0'
   0156 30                  389 	.db #0x30	; 48	'0'
   0157 30                  390 	.db #0x30	; 48	'0'
   0158 30                  391 	.db #0x30	; 48	'0'
   0159 30                  392 	.db #0x30	; 48	'0'
   015A 30                  393 	.db #0x30	; 48	'0'
   015B 30                  394 	.db #0x30	; 48	'0'
   015C 30                  395 	.db #0x30	; 48	'0'
   015D 30                  396 	.db #0x30	; 48	'0'
   015E 30                  397 	.db #0x30	; 48	'0'
   015F 30                  398 	.db #0x30	; 48	'0'
   0160 30                  399 	.db #0x30	; 48	'0'
   0161 30                  400 	.db #0x30	; 48	'0'
   0162 30                  401 	.db #0x30	; 48	'0'
   0163 30                  402 	.db #0x30	; 48	'0'
   0164 30                  403 	.db #0x30	; 48	'0'
   0165 30                  404 	.db #0x30	; 48	'0'
   0166 30                  405 	.db #0x30	; 48	'0'
   0167 30                  406 	.db #0x30	; 48	'0'
   0168 30                  407 	.db #0x30	; 48	'0'
   0169 30                  408 	.db #0x30	; 48	'0'
   016A 30                  409 	.db #0x30	; 48	'0'
   016B 30                  410 	.db #0x30	; 48	'0'
   016C 30                  411 	.db #0x30	; 48	'0'
   016D 30                  412 	.db #0x30	; 48	'0'
   016E 30                  413 	.db #0x30	; 48	'0'
   016F 30                  414 	.db #0x30	; 48	'0'
   0170 30                  415 	.db #0x30	; 48	'0'
   0171 30                  416 	.db #0x30	; 48	'0'
   0172 30                  417 	.db #0x30	; 48	'0'
   0173 30                  418 	.db #0x30	; 48	'0'
   0174 30                  419 	.db #0x30	; 48	'0'
   0175 30                  420 	.db #0x30	; 48	'0'
   0176 30                  421 	.db #0x30	; 48	'0'
   0177 30                  422 	.db #0x30	; 48	'0'
   0178 30                  423 	.db #0x30	; 48	'0'
   0179 30                  424 	.db #0x30	; 48	'0'
   017A 30                  425 	.db #0x30	; 48	'0'
   017B 30                  426 	.db #0x30	; 48	'0'
   017C 30                  427 	.db #0x30	; 48	'0'
   017D 30                  428 	.db #0x30	; 48	'0'
   017E 30                  429 	.db #0x30	; 48	'0'
   017F 30                  430 	.db #0x30	; 48	'0'
   0180 30                  431 	.db #0x30	; 48	'0'
   0181 30                  432 	.db #0x30	; 48	'0'
   0182 30                  433 	.db #0x30	; 48	'0'
   0183 30                  434 	.db #0x30	; 48	'0'
   0184 30                  435 	.db #0x30	; 48	'0'
   0185 30                  436 	.db #0x30	; 48	'0'
   0186 30                  437 	.db #0x30	; 48	'0'
   0187 30                  438 	.db #0x30	; 48	'0'
   0188 30                  439 	.db #0x30	; 48	'0'
   0189 30                  440 	.db #0x30	; 48	'0'
   018A 30                  441 	.db #0x30	; 48	'0'
   018B 30                  442 	.db #0x30	; 48	'0'
   018C 30                  443 	.db #0x30	; 48	'0'
   018D 30                  444 	.db #0x30	; 48	'0'
   018E 30                  445 	.db #0x30	; 48	'0'
   018F 30                  446 	.db #0x30	; 48	'0'
   0190 30                  447 	.db #0x30	; 48	'0'
   0191 30                  448 	.db #0x30	; 48	'0'
   0192 30                  449 	.db #0x30	; 48	'0'
   0193 30                  450 	.db #0x30	; 48	'0'
   0194 30                  451 	.db #0x30	; 48	'0'
   0195 30                  452 	.db #0x30	; 48	'0'
   0196 30                  453 	.db #0x30	; 48	'0'
   0197 30                  454 	.db #0x30	; 48	'0'
   0198 30                  455 	.db #0x30	; 48	'0'
   0199 30                  456 	.db #0x30	; 48	'0'
   019A 30                  457 	.db #0x30	; 48	'0'
   019B 30                  458 	.db #0x30	; 48	'0'
   019C 30                  459 	.db #0x30	; 48	'0'
   019D 30                  460 	.db #0x30	; 48	'0'
   019E 30                  461 	.db #0x30	; 48	'0'
   019F 30                  462 	.db #0x30	; 48	'0'
   01A0 30                  463 	.db #0x30	; 48	'0'
   01A1 30                  464 	.db #0x30	; 48	'0'
   01A2 30                  465 	.db #0x30	; 48	'0'
   01A3 30                  466 	.db #0x30	; 48	'0'
   01A4 30                  467 	.db #0x30	; 48	'0'
   01A5 30                  468 	.db #0x30	; 48	'0'
   01A6 30                  469 	.db #0x30	; 48	'0'
   01A7 30                  470 	.db #0x30	; 48	'0'
   01A8 30                  471 	.db #0x30	; 48	'0'
   01A9 30                  472 	.db #0x30	; 48	'0'
   01AA 30                  473 	.db #0x30	; 48	'0'
   01AB 30                  474 	.db #0x30	; 48	'0'
   01AC 30                  475 	.db #0x30	; 48	'0'
   01AD 30                  476 	.db #0x30	; 48	'0'
   01AE 30                  477 	.db #0x30	; 48	'0'
   01AF 30                  478 	.db #0x30	; 48	'0'
   01B0 30                  479 	.db #0x30	; 48	'0'
   01B1 30                  480 	.db #0x30	; 48	'0'
   01B2 30                  481 	.db #0x30	; 48	'0'
   01B3 30                  482 	.db #0x30	; 48	'0'
   01B4 30                  483 	.db #0x30	; 48	'0'
   01B5 30                  484 	.db #0x30	; 48	'0'
   01B6 30                  485 	.db #0x30	; 48	'0'
   01B7 30                  486 	.db #0x30	; 48	'0'
   01B8 30                  487 	.db #0x30	; 48	'0'
   01B9 30                  488 	.db #0x30	; 48	'0'
   01BA 30                  489 	.db #0x30	; 48	'0'
   01BB 30                  490 	.db #0x30	; 48	'0'
   01BC 30                  491 	.db #0x30	; 48	'0'
   01BD 30                  492 	.db #0x30	; 48	'0'
   01BE 30                  493 	.db #0x30	; 48	'0'
   01BF 30                  494 	.db #0x30	; 48	'0'
   01C0 30                  495 	.db #0x30	; 48	'0'
   01C1 30                  496 	.db #0x30	; 48	'0'
   01C2 30                  497 	.db #0x30	; 48	'0'
   01C3 30                  498 	.db #0x30	; 48	'0'
   01C4 30                  499 	.db #0x30	; 48	'0'
   01C5 30                  500 	.db #0x30	; 48	'0'
   01C6 30                  501 	.db #0x30	; 48	'0'
   01C7 30                  502 	.db #0x30	; 48	'0'
   01C8 30                  503 	.db #0x30	; 48	'0'
   01C9 30                  504 	.db #0x30	; 48	'0'
   01CA 30                  505 	.db #0x30	; 48	'0'
   01CB 30                  506 	.db #0x30	; 48	'0'
   01CC 30                  507 	.db #0x30	; 48	'0'
   01CD 30                  508 	.db #0x30	; 48	'0'
   01CE 30                  509 	.db #0x30	; 48	'0'
   01CF 30                  510 	.db #0x30	; 48	'0'
   01D0 30                  511 	.db #0x30	; 48	'0'
   01D1 30                  512 	.db #0x30	; 48	'0'
   01D2 30                  513 	.db #0x30	; 48	'0'
   01D3 30                  514 	.db #0x30	; 48	'0'
   01D4 30                  515 	.db #0x30	; 48	'0'
   01D5 30                  516 	.db #0x30	; 48	'0'
   01D6 30                  517 	.db #0x30	; 48	'0'
   01D7 30                  518 	.db #0x30	; 48	'0'
   01D8 30                  519 	.db #0x30	; 48	'0'
   01D9 30                  520 	.db #0x30	; 48	'0'
   01DA 30                  521 	.db #0x30	; 48	'0'
   01DB 30                  522 	.db #0x30	; 48	'0'
   01DC 30                  523 	.db #0x30	; 48	'0'
   01DD 30                  524 	.db #0x30	; 48	'0'
   01DE 30                  525 	.db #0x30	; 48	'0'
   01DF 30                  526 	.db #0x30	; 48	'0'
   01E0 30                  527 	.db #0x30	; 48	'0'
   01E1 30                  528 	.db #0x30	; 48	'0'
   01E2 30                  529 	.db #0x30	; 48	'0'
   01E3 30                  530 	.db #0x30	; 48	'0'
   01E4 30                  531 	.db #0x30	; 48	'0'
   01E5 30                  532 	.db #0x30	; 48	'0'
   01E6 30                  533 	.db #0x30	; 48	'0'
   01E7 30                  534 	.db #0x30	; 48	'0'
   01E8 30                  535 	.db #0x30	; 48	'0'
   01E9 30                  536 	.db #0x30	; 48	'0'
   01EA 30                  537 	.db #0x30	; 48	'0'
   01EB 30                  538 	.db #0x30	; 48	'0'
   01EC 30                  539 	.db #0x30	; 48	'0'
   01ED 30                  540 	.db #0x30	; 48	'0'
   01EE 30                  541 	.db #0x30	; 48	'0'
   01EF 30                  542 	.db #0x30	; 48	'0'
                            543 	.area _INITIALIZER
                            544 	.area _CABS (ABS)
