                              1 ;--------------------------------------------------------
                              2 ; File Created by SDCC : free open source ANSI-C Compiler
                              3 ; Version 3.6.8 #9946 (Linux)
                              4 ;--------------------------------------------------------
                              5 	.module suelo
                              6 	.optsdcc -mz80
                              7 	
                              8 ;--------------------------------------------------------
                              9 ; Public variables in this module
                             10 ;--------------------------------------------------------
                             11 	.globl _sp_suelo
                             12 	.globl _main_pal0
                             13 ;--------------------------------------------------------
                             14 ; special function registers
                             15 ;--------------------------------------------------------
                             16 ;--------------------------------------------------------
                             17 ; ram data
                             18 ;--------------------------------------------------------
                             19 	.area _DATA
                             20 ;--------------------------------------------------------
                             21 ; ram data
                             22 ;--------------------------------------------------------
                             23 	.area _INITIALIZED
                             24 ;--------------------------------------------------------
                             25 ; absolute external ram data
                             26 ;--------------------------------------------------------
                             27 	.area _DABS (ABS)
                             28 ;--------------------------------------------------------
                             29 ; global & static initialisations
                             30 ;--------------------------------------------------------
                             31 	.area _HOME
                             32 	.area _GSINIT
                             33 	.area _GSFINAL
                             34 	.area _GSINIT
                             35 ;--------------------------------------------------------
                             36 ; Home
                             37 ;--------------------------------------------------------
                             38 	.area _HOME
                             39 	.area _HOME
                             40 ;--------------------------------------------------------
                             41 ; code
                             42 ;--------------------------------------------------------
                             43 	.area _CODE
                             44 	.area _CODE
   0000                      45 _main_pal0:
   0000 54                   46 	.db #0x54	; 84	'T'
   0001 44                   47 	.db #0x44	; 68	'D'
   0002 5C                   48 	.db #0x5c	; 92
   0003 58                   49 	.db #0x58	; 88	'X'
   0004 45                   50 	.db #0x45	; 69	'E'
   0005 52                   51 	.db #0x52	; 82	'R'
   0006 46                   52 	.db #0x46	; 70	'F'
   0007 5E                   53 	.db #0x5e	; 94
   0008 40                   54 	.db #0x40	; 64
   0009 47                   55 	.db #0x47	; 71	'G'
   000A 42                   56 	.db #0x42	; 66	'B'
   000B 53                   57 	.db #0x53	; 83	'S'
   000C 5A                   58 	.db #0x5a	; 90	'Z'
   000D 4A                   59 	.db #0x4a	; 74	'J'
   000E 43                   60 	.db #0x43	; 67	'C'
   000F 4B                   61 	.db #0x4b	; 75	'K'
   0010                      62 _sp_suelo:
   0010 FF                   63 	.db #0xff	; 255
   0011 FF                   64 	.db #0xff	; 255
   0012 FF                   65 	.db #0xff	; 255
   0013 FF                   66 	.db #0xff	; 255
   0014 FF                   67 	.db #0xff	; 255
   0015 FF                   68 	.db #0xff	; 255
   0016 FF                   69 	.db #0xff	; 255
   0017 FF                   70 	.db #0xff	; 255
   0018 FF                   71 	.db #0xff	; 255
   0019 FF                   72 	.db #0xff	; 255
   001A FF                   73 	.db #0xff	; 255
   001B FF                   74 	.db #0xff	; 255
   001C FF                   75 	.db #0xff	; 255
   001D FF                   76 	.db #0xff	; 255
   001E FF                   77 	.db #0xff	; 255
   001F FF                   78 	.db #0xff	; 255
   0020 FF                   79 	.db #0xff	; 255
   0021 FF                   80 	.db #0xff	; 255
   0022 FF                   81 	.db #0xff	; 255
   0023 FF                   82 	.db #0xff	; 255
   0024 FF                   83 	.db #0xff	; 255
   0025 FF                   84 	.db #0xff	; 255
   0026 FF                   85 	.db #0xff	; 255
   0027 FF                   86 	.db #0xff	; 255
   0028 FF                   87 	.db #0xff	; 255
   0029 FF                   88 	.db #0xff	; 255
   002A FF                   89 	.db #0xff	; 255
   002B FF                   90 	.db #0xff	; 255
   002C FF                   91 	.db #0xff	; 255
   002D FF                   92 	.db #0xff	; 255
   002E FF                   93 	.db #0xff	; 255
   002F FF                   94 	.db #0xff	; 255
   0030 FF                   95 	.db #0xff	; 255
   0031 FF                   96 	.db #0xff	; 255
   0032 FF                   97 	.db #0xff	; 255
   0033 FF                   98 	.db #0xff	; 255
   0034 FF                   99 	.db #0xff	; 255
   0035 FF                  100 	.db #0xff	; 255
   0036 FF                  101 	.db #0xff	; 255
   0037 FF                  102 	.db #0xff	; 255
   0038 FF                  103 	.db #0xff	; 255
   0039 FF                  104 	.db #0xff	; 255
   003A FF                  105 	.db #0xff	; 255
   003B FF                  106 	.db #0xff	; 255
   003C FF                  107 	.db #0xff	; 255
   003D FF                  108 	.db #0xff	; 255
   003E FF                  109 	.db #0xff	; 255
   003F FF                  110 	.db #0xff	; 255
   0040 FF                  111 	.db #0xff	; 255
   0041 FF                  112 	.db #0xff	; 255
   0042 FF                  113 	.db #0xff	; 255
   0043 FF                  114 	.db #0xff	; 255
   0044 FF                  115 	.db #0xff	; 255
   0045 FF                  116 	.db #0xff	; 255
   0046 FF                  117 	.db #0xff	; 255
   0047 FF                  118 	.db #0xff	; 255
   0048 FF                  119 	.db #0xff	; 255
   0049 FF                  120 	.db #0xff	; 255
   004A FF                  121 	.db #0xff	; 255
   004B FF                  122 	.db #0xff	; 255
   004C FF                  123 	.db #0xff	; 255
   004D FF                  124 	.db #0xff	; 255
   004E FF                  125 	.db #0xff	; 255
   004F FF                  126 	.db #0xff	; 255
   0050 FF                  127 	.db #0xff	; 255
   0051 FF                  128 	.db #0xff	; 255
   0052 FF                  129 	.db #0xff	; 255
   0053 FF                  130 	.db #0xff	; 255
   0054 FF                  131 	.db #0xff	; 255
   0055 FF                  132 	.db #0xff	; 255
   0056 FF                  133 	.db #0xff	; 255
   0057 FF                  134 	.db #0xff	; 255
   0058 FF                  135 	.db #0xff	; 255
   0059 FF                  136 	.db #0xff	; 255
   005A FF                  137 	.db #0xff	; 255
   005B FF                  138 	.db #0xff	; 255
   005C FF                  139 	.db #0xff	; 255
   005D FF                  140 	.db #0xff	; 255
   005E FF                  141 	.db #0xff	; 255
   005F FF                  142 	.db #0xff	; 255
   0060 FF                  143 	.db #0xff	; 255
   0061 FF                  144 	.db #0xff	; 255
   0062 FF                  145 	.db #0xff	; 255
   0063 FF                  146 	.db #0xff	; 255
   0064 FF                  147 	.db #0xff	; 255
   0065 FF                  148 	.db #0xff	; 255
   0066 FF                  149 	.db #0xff	; 255
   0067 FF                  150 	.db #0xff	; 255
   0068 FF                  151 	.db #0xff	; 255
   0069 FF                  152 	.db #0xff	; 255
   006A FF                  153 	.db #0xff	; 255
   006B FF                  154 	.db #0xff	; 255
   006C FF                  155 	.db #0xff	; 255
   006D FF                  156 	.db #0xff	; 255
   006E FF                  157 	.db #0xff	; 255
   006F FF                  158 	.db #0xff	; 255
   0070 FF                  159 	.db #0xff	; 255
   0071 FF                  160 	.db #0xff	; 255
   0072 FF                  161 	.db #0xff	; 255
   0073 FF                  162 	.db #0xff	; 255
   0074 FF                  163 	.db #0xff	; 255
   0075 FF                  164 	.db #0xff	; 255
   0076 FF                  165 	.db #0xff	; 255
   0077 FF                  166 	.db #0xff	; 255
   0078 FF                  167 	.db #0xff	; 255
   0079 FF                  168 	.db #0xff	; 255
   007A FF                  169 	.db #0xff	; 255
   007B FF                  170 	.db #0xff	; 255
   007C FF                  171 	.db #0xff	; 255
   007D FF                  172 	.db #0xff	; 255
   007E FF                  173 	.db #0xff	; 255
   007F FF                  174 	.db #0xff	; 255
   0080 FF                  175 	.db #0xff	; 255
   0081 FF                  176 	.db #0xff	; 255
   0082 FF                  177 	.db #0xff	; 255
   0083 FF                  178 	.db #0xff	; 255
   0084 FF                  179 	.db #0xff	; 255
   0085 FF                  180 	.db #0xff	; 255
   0086 FF                  181 	.db #0xff	; 255
   0087 FF                  182 	.db #0xff	; 255
   0088 FF                  183 	.db #0xff	; 255
   0089 FF                  184 	.db #0xff	; 255
   008A FF                  185 	.db #0xff	; 255
   008B FF                  186 	.db #0xff	; 255
   008C FF                  187 	.db #0xff	; 255
   008D FF                  188 	.db #0xff	; 255
   008E FF                  189 	.db #0xff	; 255
   008F FF                  190 	.db #0xff	; 255
   0090 FF                  191 	.db #0xff	; 255
   0091 FF                  192 	.db #0xff	; 255
   0092 FF                  193 	.db #0xff	; 255
   0093 FF                  194 	.db #0xff	; 255
   0094 FF                  195 	.db #0xff	; 255
   0095 FF                  196 	.db #0xff	; 255
   0096 FF                  197 	.db #0xff	; 255
   0097 FF                  198 	.db #0xff	; 255
   0098 FF                  199 	.db #0xff	; 255
   0099 FF                  200 	.db #0xff	; 255
   009A FF                  201 	.db #0xff	; 255
   009B FF                  202 	.db #0xff	; 255
   009C FF                  203 	.db #0xff	; 255
   009D FF                  204 	.db #0xff	; 255
   009E FF                  205 	.db #0xff	; 255
   009F FF                  206 	.db #0xff	; 255
   00A0 FF                  207 	.db #0xff	; 255
   00A1 FF                  208 	.db #0xff	; 255
   00A2 FF                  209 	.db #0xff	; 255
   00A3 FF                  210 	.db #0xff	; 255
   00A4 FF                  211 	.db #0xff	; 255
   00A5 FF                  212 	.db #0xff	; 255
   00A6 FF                  213 	.db #0xff	; 255
   00A7 FF                  214 	.db #0xff	; 255
   00A8 FF                  215 	.db #0xff	; 255
   00A9 FF                  216 	.db #0xff	; 255
   00AA FF                  217 	.db #0xff	; 255
   00AB FF                  218 	.db #0xff	; 255
   00AC FF                  219 	.db #0xff	; 255
   00AD FF                  220 	.db #0xff	; 255
   00AE FF                  221 	.db #0xff	; 255
   00AF FF                  222 	.db #0xff	; 255
   00B0 FF                  223 	.db #0xff	; 255
   00B1 FF                  224 	.db #0xff	; 255
   00B2 FF                  225 	.db #0xff	; 255
   00B3 FF                  226 	.db #0xff	; 255
   00B4 FF                  227 	.db #0xff	; 255
   00B5 FF                  228 	.db #0xff	; 255
   00B6 FF                  229 	.db #0xff	; 255
   00B7 FF                  230 	.db #0xff	; 255
   00B8 FF                  231 	.db #0xff	; 255
   00B9 FF                  232 	.db #0xff	; 255
   00BA FF                  233 	.db #0xff	; 255
   00BB FF                  234 	.db #0xff	; 255
   00BC FF                  235 	.db #0xff	; 255
   00BD FF                  236 	.db #0xff	; 255
   00BE FF                  237 	.db #0xff	; 255
   00BF FF                  238 	.db #0xff	; 255
   00C0 FF                  239 	.db #0xff	; 255
   00C1 FF                  240 	.db #0xff	; 255
   00C2 FF                  241 	.db #0xff	; 255
   00C3 FF                  242 	.db #0xff	; 255
   00C4 FF                  243 	.db #0xff	; 255
   00C5 FF                  244 	.db #0xff	; 255
   00C6 FF                  245 	.db #0xff	; 255
   00C7 FF                  246 	.db #0xff	; 255
   00C8 FF                  247 	.db #0xff	; 255
   00C9 FF                  248 	.db #0xff	; 255
   00CA FF                  249 	.db #0xff	; 255
   00CB FF                  250 	.db #0xff	; 255
   00CC FF                  251 	.db #0xff	; 255
   00CD FF                  252 	.db #0xff	; 255
   00CE FF                  253 	.db #0xff	; 255
   00CF FF                  254 	.db #0xff	; 255
   00D0 FF                  255 	.db #0xff	; 255
   00D1 FF                  256 	.db #0xff	; 255
   00D2 FF                  257 	.db #0xff	; 255
   00D3 FF                  258 	.db #0xff	; 255
   00D4 FF                  259 	.db #0xff	; 255
   00D5 FF                  260 	.db #0xff	; 255
   00D6 FF                  261 	.db #0xff	; 255
   00D7 FF                  262 	.db #0xff	; 255
   00D8 FF                  263 	.db #0xff	; 255
   00D9 FF                  264 	.db #0xff	; 255
   00DA FF                  265 	.db #0xff	; 255
   00DB FF                  266 	.db #0xff	; 255
   00DC FF                  267 	.db #0xff	; 255
   00DD FF                  268 	.db #0xff	; 255
   00DE FF                  269 	.db #0xff	; 255
   00DF FF                  270 	.db #0xff	; 255
   00E0 FF                  271 	.db #0xff	; 255
   00E1 FF                  272 	.db #0xff	; 255
   00E2 FF                  273 	.db #0xff	; 255
   00E3 FF                  274 	.db #0xff	; 255
   00E4 FF                  275 	.db #0xff	; 255
   00E5 FF                  276 	.db #0xff	; 255
   00E6 FF                  277 	.db #0xff	; 255
   00E7 FF                  278 	.db #0xff	; 255
   00E8 FF                  279 	.db #0xff	; 255
   00E9 FF                  280 	.db #0xff	; 255
   00EA FF                  281 	.db #0xff	; 255
   00EB FF                  282 	.db #0xff	; 255
   00EC FF                  283 	.db #0xff	; 255
   00ED FF                  284 	.db #0xff	; 255
   00EE FF                  285 	.db #0xff	; 255
   00EF FF                  286 	.db #0xff	; 255
   00F0 FF                  287 	.db #0xff	; 255
   00F1 FF                  288 	.db #0xff	; 255
   00F2 FF                  289 	.db #0xff	; 255
   00F3 FF                  290 	.db #0xff	; 255
   00F4 FF                  291 	.db #0xff	; 255
   00F5 FF                  292 	.db #0xff	; 255
   00F6 FF                  293 	.db #0xff	; 255
   00F7 FF                  294 	.db #0xff	; 255
   00F8 FF                  295 	.db #0xff	; 255
   00F9 FF                  296 	.db #0xff	; 255
   00FA FF                  297 	.db #0xff	; 255
   00FB FF                  298 	.db #0xff	; 255
   00FC FF                  299 	.db #0xff	; 255
   00FD FF                  300 	.db #0xff	; 255
   00FE FF                  301 	.db #0xff	; 255
   00FF FF                  302 	.db #0xff	; 255
   0100 FF                  303 	.db #0xff	; 255
   0101 FF                  304 	.db #0xff	; 255
   0102 FF                  305 	.db #0xff	; 255
   0103 FF                  306 	.db #0xff	; 255
   0104 FF                  307 	.db #0xff	; 255
   0105 FF                  308 	.db #0xff	; 255
   0106 FF                  309 	.db #0xff	; 255
   0107 FF                  310 	.db #0xff	; 255
   0108 FF                  311 	.db #0xff	; 255
   0109 FF                  312 	.db #0xff	; 255
   010A FF                  313 	.db #0xff	; 255
   010B FF                  314 	.db #0xff	; 255
   010C FF                  315 	.db #0xff	; 255
   010D FF                  316 	.db #0xff	; 255
   010E FF                  317 	.db #0xff	; 255
   010F FF                  318 	.db #0xff	; 255
   0110 FF                  319 	.db #0xff	; 255
   0111 FF                  320 	.db #0xff	; 255
   0112 FF                  321 	.db #0xff	; 255
   0113 FF                  322 	.db #0xff	; 255
   0114 FF                  323 	.db #0xff	; 255
   0115 FF                  324 	.db #0xff	; 255
   0116 FF                  325 	.db #0xff	; 255
   0117 FF                  326 	.db #0xff	; 255
   0118 FF                  327 	.db #0xff	; 255
   0119 FF                  328 	.db #0xff	; 255
   011A FF                  329 	.db #0xff	; 255
   011B FF                  330 	.db #0xff	; 255
   011C FF                  331 	.db #0xff	; 255
   011D FF                  332 	.db #0xff	; 255
   011E FF                  333 	.db #0xff	; 255
   011F FF                  334 	.db #0xff	; 255
   0120 FF                  335 	.db #0xff	; 255
   0121 FF                  336 	.db #0xff	; 255
   0122 FF                  337 	.db #0xff	; 255
   0123 FF                  338 	.db #0xff	; 255
   0124 FF                  339 	.db #0xff	; 255
   0125 FF                  340 	.db #0xff	; 255
   0126 FF                  341 	.db #0xff	; 255
   0127 FF                  342 	.db #0xff	; 255
   0128 FF                  343 	.db #0xff	; 255
   0129 FF                  344 	.db #0xff	; 255
   012A FF                  345 	.db #0xff	; 255
   012B FF                  346 	.db #0xff	; 255
   012C FF                  347 	.db #0xff	; 255
   012D FF                  348 	.db #0xff	; 255
   012E FF                  349 	.db #0xff	; 255
   012F FF                  350 	.db #0xff	; 255
   0130 FF                  351 	.db #0xff	; 255
   0131 FF                  352 	.db #0xff	; 255
   0132 FF                  353 	.db #0xff	; 255
   0133 FF                  354 	.db #0xff	; 255
   0134 FF                  355 	.db #0xff	; 255
   0135 FF                  356 	.db #0xff	; 255
   0136 FF                  357 	.db #0xff	; 255
   0137 FF                  358 	.db #0xff	; 255
   0138 FF                  359 	.db #0xff	; 255
   0139 FF                  360 	.db #0xff	; 255
   013A FF                  361 	.db #0xff	; 255
   013B FF                  362 	.db #0xff	; 255
   013C FF                  363 	.db #0xff	; 255
   013D FF                  364 	.db #0xff	; 255
   013E FF                  365 	.db #0xff	; 255
   013F FF                  366 	.db #0xff	; 255
   0140 FF                  367 	.db #0xff	; 255
   0141 FF                  368 	.db #0xff	; 255
   0142 FF                  369 	.db #0xff	; 255
   0143 FF                  370 	.db #0xff	; 255
   0144 FF                  371 	.db #0xff	; 255
   0145 FF                  372 	.db #0xff	; 255
   0146 FF                  373 	.db #0xff	; 255
   0147 FF                  374 	.db #0xff	; 255
   0148 FF                  375 	.db #0xff	; 255
   0149 FF                  376 	.db #0xff	; 255
   014A FF                  377 	.db #0xff	; 255
   014B FF                  378 	.db #0xff	; 255
   014C FF                  379 	.db #0xff	; 255
   014D FF                  380 	.db #0xff	; 255
   014E FF                  381 	.db #0xff	; 255
   014F FF                  382 	.db #0xff	; 255
   0150 FF                  383 	.db #0xff	; 255
   0151 FF                  384 	.db #0xff	; 255
   0152 FF                  385 	.db #0xff	; 255
   0153 FF                  386 	.db #0xff	; 255
   0154 FF                  387 	.db #0xff	; 255
   0155 FF                  388 	.db #0xff	; 255
   0156 FF                  389 	.db #0xff	; 255
   0157 FF                  390 	.db #0xff	; 255
   0158 FF                  391 	.db #0xff	; 255
   0159 FF                  392 	.db #0xff	; 255
   015A FF                  393 	.db #0xff	; 255
   015B FF                  394 	.db #0xff	; 255
   015C FF                  395 	.db #0xff	; 255
   015D FF                  396 	.db #0xff	; 255
   015E FF                  397 	.db #0xff	; 255
   015F FF                  398 	.db #0xff	; 255
   0160 FF                  399 	.db #0xff	; 255
   0161 FF                  400 	.db #0xff	; 255
   0162 FF                  401 	.db #0xff	; 255
   0163 FF                  402 	.db #0xff	; 255
   0164 FF                  403 	.db #0xff	; 255
   0165 FF                  404 	.db #0xff	; 255
   0166 FF                  405 	.db #0xff	; 255
   0167 FF                  406 	.db #0xff	; 255
   0168 FF                  407 	.db #0xff	; 255
   0169 FF                  408 	.db #0xff	; 255
   016A FF                  409 	.db #0xff	; 255
   016B FF                  410 	.db #0xff	; 255
   016C FF                  411 	.db #0xff	; 255
   016D FF                  412 	.db #0xff	; 255
   016E FF                  413 	.db #0xff	; 255
   016F FF                  414 	.db #0xff	; 255
   0170 FF                  415 	.db #0xff	; 255
   0171 FF                  416 	.db #0xff	; 255
   0172 FF                  417 	.db #0xff	; 255
   0173 FF                  418 	.db #0xff	; 255
   0174 FF                  419 	.db #0xff	; 255
   0175 FF                  420 	.db #0xff	; 255
   0176 FF                  421 	.db #0xff	; 255
   0177 FF                  422 	.db #0xff	; 255
   0178 FF                  423 	.db #0xff	; 255
   0179 FF                  424 	.db #0xff	; 255
   017A FF                  425 	.db #0xff	; 255
   017B FF                  426 	.db #0xff	; 255
   017C FF                  427 	.db #0xff	; 255
   017D FF                  428 	.db #0xff	; 255
   017E FF                  429 	.db #0xff	; 255
   017F FF                  430 	.db #0xff	; 255
   0180 FF                  431 	.db #0xff	; 255
   0181 FF                  432 	.db #0xff	; 255
   0182 FF                  433 	.db #0xff	; 255
   0183 FF                  434 	.db #0xff	; 255
   0184 FF                  435 	.db #0xff	; 255
   0185 FF                  436 	.db #0xff	; 255
   0186 FF                  437 	.db #0xff	; 255
   0187 FF                  438 	.db #0xff	; 255
   0188 FF                  439 	.db #0xff	; 255
   0189 FF                  440 	.db #0xff	; 255
   018A FF                  441 	.db #0xff	; 255
   018B FF                  442 	.db #0xff	; 255
   018C FF                  443 	.db #0xff	; 255
   018D FF                  444 	.db #0xff	; 255
   018E FF                  445 	.db #0xff	; 255
   018F FF                  446 	.db #0xff	; 255
   0190 FF                  447 	.db #0xff	; 255
   0191 FF                  448 	.db #0xff	; 255
   0192 FF                  449 	.db #0xff	; 255
   0193 FF                  450 	.db #0xff	; 255
   0194 FF                  451 	.db #0xff	; 255
   0195 FF                  452 	.db #0xff	; 255
   0196 FF                  453 	.db #0xff	; 255
   0197 FF                  454 	.db #0xff	; 255
   0198 FF                  455 	.db #0xff	; 255
   0199 FF                  456 	.db #0xff	; 255
   019A FF                  457 	.db #0xff	; 255
   019B FF                  458 	.db #0xff	; 255
   019C FF                  459 	.db #0xff	; 255
   019D FF                  460 	.db #0xff	; 255
   019E FF                  461 	.db #0xff	; 255
   019F FF                  462 	.db #0xff	; 255
                            463 	.area _INITIALIZER
                            464 	.area _CABS (ABS)
