                              1 ;--------------------------------------------------------
                              2 ; File Created by SDCC : free open source ANSI-C Compiler
                              3 ; Version 3.6.8 #9946 (Linux)
                              4 ;--------------------------------------------------------
                              5 	.module suelo_rojo
                              6 	.optsdcc -mz80
                              7 	
                              8 ;--------------------------------------------------------
                              9 ; Public variables in this module
                             10 ;--------------------------------------------------------
                             11 	.globl _sp_rojo
                             12 	.globl _main_pal3
                             13 ;--------------------------------------------------------
                             14 ; special function registers
                             15 ;--------------------------------------------------------
                             16 ;--------------------------------------------------------
                             17 ; ram data
                             18 ;--------------------------------------------------------
                             19 	.area _DATA
                             20 ;--------------------------------------------------------
                             21 ; ram data
                             22 ;--------------------------------------------------------
                             23 	.area _INITIALIZED
                             24 ;--------------------------------------------------------
                             25 ; absolute external ram data
                             26 ;--------------------------------------------------------
                             27 	.area _DABS (ABS)
                             28 ;--------------------------------------------------------
                             29 ; global & static initialisations
                             30 ;--------------------------------------------------------
                             31 	.area _HOME
                             32 	.area _GSINIT
                             33 	.area _GSFINAL
                             34 	.area _GSINIT
                             35 ;--------------------------------------------------------
                             36 ; Home
                             37 ;--------------------------------------------------------
                             38 	.area _HOME
                             39 	.area _HOME
                             40 ;--------------------------------------------------------
                             41 ; code
                             42 ;--------------------------------------------------------
                             43 	.area _CODE
                             44 	.area _CODE
   0000                      45 _main_pal3:
   0000 54                   46 	.db #0x54	; 84	'T'
   0001 44                   47 	.db #0x44	; 68	'D'
   0002 5C                   48 	.db #0x5c	; 92
   0003 58                   49 	.db #0x58	; 88	'X'
   0004 45                   50 	.db #0x45	; 69	'E'
   0005 52                   51 	.db #0x52	; 82	'R'
   0006 46                   52 	.db #0x46	; 70	'F'
   0007 5E                   53 	.db #0x5e	; 94
   0008 40                   54 	.db #0x40	; 64
   0009 47                   55 	.db #0x47	; 71	'G'
   000A 42                   56 	.db #0x42	; 66	'B'
   000B 53                   57 	.db #0x53	; 83	'S'
   000C 5A                   58 	.db #0x5a	; 90	'Z'
   000D 4A                   59 	.db #0x4a	; 74	'J'
   000E 43                   60 	.db #0x43	; 67	'C'
   000F 4B                   61 	.db #0x4b	; 75	'K'
   0010                      62 _sp_rojo:
   0010 30                   63 	.db #0x30	; 48	'0'
   0011 30                   64 	.db #0x30	; 48	'0'
   0012 30                   65 	.db #0x30	; 48	'0'
   0013 30                   66 	.db #0x30	; 48	'0'
   0014 30                   67 	.db #0x30	; 48	'0'
   0015 30                   68 	.db #0x30	; 48	'0'
   0016 30                   69 	.db #0x30	; 48	'0'
   0017 30                   70 	.db #0x30	; 48	'0'
   0018 30                   71 	.db #0x30	; 48	'0'
   0019 30                   72 	.db #0x30	; 48	'0'
   001A 30                   73 	.db #0x30	; 48	'0'
   001B 30                   74 	.db #0x30	; 48	'0'
   001C 30                   75 	.db #0x30	; 48	'0'
   001D 30                   76 	.db #0x30	; 48	'0'
   001E 30                   77 	.db #0x30	; 48	'0'
   001F 30                   78 	.db #0x30	; 48	'0'
   0020 30                   79 	.db #0x30	; 48	'0'
   0021 30                   80 	.db #0x30	; 48	'0'
   0022 30                   81 	.db #0x30	; 48	'0'
   0023 30                   82 	.db #0x30	; 48	'0'
   0024 30                   83 	.db #0x30	; 48	'0'
   0025 30                   84 	.db #0x30	; 48	'0'
   0026 30                   85 	.db #0x30	; 48	'0'
   0027 30                   86 	.db #0x30	; 48	'0'
   0028 30                   87 	.db #0x30	; 48	'0'
   0029 30                   88 	.db #0x30	; 48	'0'
   002A 30                   89 	.db #0x30	; 48	'0'
   002B 30                   90 	.db #0x30	; 48	'0'
   002C 30                   91 	.db #0x30	; 48	'0'
   002D 30                   92 	.db #0x30	; 48	'0'
   002E 30                   93 	.db #0x30	; 48	'0'
   002F 30                   94 	.db #0x30	; 48	'0'
   0030 30                   95 	.db #0x30	; 48	'0'
   0031 30                   96 	.db #0x30	; 48	'0'
   0032 30                   97 	.db #0x30	; 48	'0'
   0033 30                   98 	.db #0x30	; 48	'0'
   0034 30                   99 	.db #0x30	; 48	'0'
   0035 30                  100 	.db #0x30	; 48	'0'
   0036 30                  101 	.db #0x30	; 48	'0'
   0037 30                  102 	.db #0x30	; 48	'0'
   0038 30                  103 	.db #0x30	; 48	'0'
   0039 30                  104 	.db #0x30	; 48	'0'
   003A 30                  105 	.db #0x30	; 48	'0'
   003B 30                  106 	.db #0x30	; 48	'0'
   003C 30                  107 	.db #0x30	; 48	'0'
   003D 30                  108 	.db #0x30	; 48	'0'
   003E 30                  109 	.db #0x30	; 48	'0'
   003F 30                  110 	.db #0x30	; 48	'0'
   0040 30                  111 	.db #0x30	; 48	'0'
   0041 30                  112 	.db #0x30	; 48	'0'
   0042 30                  113 	.db #0x30	; 48	'0'
   0043 30                  114 	.db #0x30	; 48	'0'
   0044 30                  115 	.db #0x30	; 48	'0'
   0045 30                  116 	.db #0x30	; 48	'0'
   0046 30                  117 	.db #0x30	; 48	'0'
   0047 30                  118 	.db #0x30	; 48	'0'
   0048 30                  119 	.db #0x30	; 48	'0'
   0049 30                  120 	.db #0x30	; 48	'0'
   004A 30                  121 	.db #0x30	; 48	'0'
   004B 30                  122 	.db #0x30	; 48	'0'
   004C 30                  123 	.db #0x30	; 48	'0'
   004D 30                  124 	.db #0x30	; 48	'0'
   004E 30                  125 	.db #0x30	; 48	'0'
   004F 30                  126 	.db #0x30	; 48	'0'
   0050 30                  127 	.db #0x30	; 48	'0'
   0051 30                  128 	.db #0x30	; 48	'0'
   0052 30                  129 	.db #0x30	; 48	'0'
   0053 30                  130 	.db #0x30	; 48	'0'
   0054 30                  131 	.db #0x30	; 48	'0'
   0055 30                  132 	.db #0x30	; 48	'0'
   0056 30                  133 	.db #0x30	; 48	'0'
   0057 30                  134 	.db #0x30	; 48	'0'
   0058 30                  135 	.db #0x30	; 48	'0'
   0059 30                  136 	.db #0x30	; 48	'0'
   005A 30                  137 	.db #0x30	; 48	'0'
   005B 30                  138 	.db #0x30	; 48	'0'
   005C 30                  139 	.db #0x30	; 48	'0'
   005D 30                  140 	.db #0x30	; 48	'0'
   005E 30                  141 	.db #0x30	; 48	'0'
   005F 30                  142 	.db #0x30	; 48	'0'
   0060 30                  143 	.db #0x30	; 48	'0'
   0061 30                  144 	.db #0x30	; 48	'0'
   0062 30                  145 	.db #0x30	; 48	'0'
   0063 30                  146 	.db #0x30	; 48	'0'
   0064 30                  147 	.db #0x30	; 48	'0'
   0065 30                  148 	.db #0x30	; 48	'0'
   0066 30                  149 	.db #0x30	; 48	'0'
   0067 30                  150 	.db #0x30	; 48	'0'
   0068 30                  151 	.db #0x30	; 48	'0'
   0069 30                  152 	.db #0x30	; 48	'0'
   006A 30                  153 	.db #0x30	; 48	'0'
   006B 30                  154 	.db #0x30	; 48	'0'
   006C 30                  155 	.db #0x30	; 48	'0'
   006D 30                  156 	.db #0x30	; 48	'0'
   006E 30                  157 	.db #0x30	; 48	'0'
   006F 30                  158 	.db #0x30	; 48	'0'
   0070 30                  159 	.db #0x30	; 48	'0'
   0071 30                  160 	.db #0x30	; 48	'0'
   0072 30                  161 	.db #0x30	; 48	'0'
   0073 30                  162 	.db #0x30	; 48	'0'
   0074 30                  163 	.db #0x30	; 48	'0'
   0075 30                  164 	.db #0x30	; 48	'0'
   0076 30                  165 	.db #0x30	; 48	'0'
   0077 30                  166 	.db #0x30	; 48	'0'
   0078 30                  167 	.db #0x30	; 48	'0'
   0079 30                  168 	.db #0x30	; 48	'0'
   007A 30                  169 	.db #0x30	; 48	'0'
   007B 30                  170 	.db #0x30	; 48	'0'
   007C 30                  171 	.db #0x30	; 48	'0'
   007D 30                  172 	.db #0x30	; 48	'0'
   007E 30                  173 	.db #0x30	; 48	'0'
   007F 30                  174 	.db #0x30	; 48	'0'
   0080 30                  175 	.db #0x30	; 48	'0'
   0081 30                  176 	.db #0x30	; 48	'0'
   0082 30                  177 	.db #0x30	; 48	'0'
   0083 30                  178 	.db #0x30	; 48	'0'
   0084 30                  179 	.db #0x30	; 48	'0'
   0085 30                  180 	.db #0x30	; 48	'0'
   0086 30                  181 	.db #0x30	; 48	'0'
   0087 30                  182 	.db #0x30	; 48	'0'
                            183 	.area _INITIALIZER
                            184 	.area _CABS (ABS)
